[0.040s] Invoking command in '/home/yj/camera_tis/build/camera_tis': CMAKE_PREFIX_PATH=/opt/ros/galactic /usr/bin/cmake --build /home/yj/camera_tis/build/camera_tis -- -j16 -l16
[0.171s] [ 16%] [32mBuilding CXX object CMakeFiles/camera_tis.dir/src/camera_tis.cpp.o[0m
[0.172s] [ 50%] Built target camera_tis_node
[5.451s] [01m[K/home/yj/camera_tis/src/camera_tis.cpp:56:1:[m[K [01;31m[Kerror: [m[Kâ€˜[01m[Kgboolean[m[Kâ€™ does not name a type
[5.451s]    56 | [01;31m[Kgboolean[m[K set_property(_GstElement * pipeline, const char * property, const char * value)
[5.451s]       | [01;31m[K^~~~~~~~[m[K
[5.455s] [01m[K/home/yj/camera_tis/src/camera_tis.cpp:76:1:[m[K [01;31m[Kerror: [m[Kâ€˜[01m[Kgboolean[m[Kâ€™ does not name a type
[5.455s]    76 | [01;31m[Kgboolean[m[K set_property(_GstElement * pipeline, const char * property, int value)
[5.455s]       | [01;31m[K^~~~~~~~[m[K
[5.472s] [01m[K/home/yj/camera_tis/src/camera_tis.cpp:[m[K In destructor â€˜[01m[Kvirtual camera_tis::CameraTis::~CameraTis()[m[Kâ€™:
[5.472s] [01m[K/home/yj/camera_tis/src/camera_tis.cpp:134:38:[m[K [01;31m[Kerror: [m[Kâ€˜[01m[KGST_STATE_NULL[m[Kâ€™ was not declared in this scope
[5.472s]   134 |     gst_element_set_state(_pipeline, [01;31m[KGST_STATE_NULL[m[K);
[5.473s]       |                                      [01;31m[K^~~~~~~~~~~~~~[m[K
[5.486s] [01m[K/home/yj/camera_tis/src/camera_tis.cpp:134:5:[m[K [01;31m[Kerror: [m[Kâ€˜[01m[Kgst_element_set_state[m[Kâ€™ was not declared in this scope
[5.487s]   134 |     [01;31m[Kgst_element_set_state[m[K(_pipeline, GST_STATE_NULL);
[5.487s]       |     [01;31m[K^~~~~~~~~~~~~~~~~~~~~[m[K
[5.500s] [01m[K/home/yj/camera_tis/src/camera_tis.cpp:136:5:[m[K [01;31m[Kerror: [m[Kâ€˜[01m[Kgst_object_unref[m[Kâ€™ was not declared in this scope
[5.500s]   136 |     [01;31m[Kgst_object_unref[m[K(_pipeline);
[5.501s]       |     [01;31m[K^~~~~~~~~~~~~~~~[m[K
[5.514s] [01m[K/home/yj/camera_tis/src/camera_tis.cpp:[m[K In member function â€˜[01m[Kvoid camera_tis::CameraTis::_initialize_camera()[m[Kâ€™:
[5.514s] [01m[K/home/yj/camera_tis/src/camera_tis.cpp:205:44:[m[K [01;31m[Kerror: [m[Kâ€˜[01m[Kwidth[m[Kâ€™ was not declared in this scope; did you mean â€˜[01m[Kwcwidth[m[Kâ€™?
[5.515s]   205 |                             std::to_string([01;31m[Kwidth[m[K) + "x" + std::to_string(height) +
[5.515s]       |                                            [01;31m[K^~~~~[m[K
[5.515s]       |                                            [32m[Kwcwidth[m[K
[5.519s] [01m[K/home/yj/camera_tis/src/camera_tis.cpp:205:74:[m[K [01;31m[Kerror: [m[Kâ€˜[01m[Kheight[m[Kâ€™ was not declared in this scope
[5.519s]   205 |                             std::to_string(width) + "x" + std::to_string([01;31m[Kheight[m[K) +
[5.519s]       |                                                                          [01;31m[K^~~~~~[m[K
[5.522s] [01m[K/home/yj/camera_tis/src/camera_tis.cpp:206:52:[m[K [01;31m[Kerror: [m[Kâ€˜[01m[Kfps[m[Kâ€™ was not declared in this scope; did you mean â€˜[01m[Kffs[m[Kâ€™?
[5.523s]   206 |                             "@1/" + std::to_string([01;31m[Kfps[m[K) + " field:none]'";
[5.523s]       |                                                    [01;31m[K^~~[m[K
[5.523s]       |                                                    [32m[Kffs[m[K
[5.544s] [01m[K/home/yj/camera_tis/src/camera_tis.cpp:[m[K In member function â€˜[01m[Kvoid camera_tis::CameraTis::_modbus(int)[m[Kâ€™:
[5.544s] [01m[K/home/yj/camera_tis/src/camera_tis.cpp:294:29:[m[K [01;35m[Kwarning: [m[Kunused parameter â€˜[01m[Kport[m[Kâ€™ [[01;35m[K-Wunused-parameter[m[K]
[5.544s]   294 | void CameraTis::_modbus([01;35m[Kint port[m[K)
[5.545s]       |                         [01;35m[K~~~~^~~~[m[K
[5.548s] [01m[K/home/yj/camera_tis/src/camera_tis.cpp:[m[K In member function â€˜[01m[Kvoid camera_tis::CameraTis::_spin()[m[Kâ€™:
[5.548s] [01m[K/home/yj/camera_tis/src/camera_tis.cpp:339:9:[m[K [01;31m[Kerror: [m[Kâ€˜[01m[Kcap[m[Kâ€™ was not declared in this scope
[5.549s]   339 |     if ([01;31m[Kcap[m[K.read(img)) {
[5.549s]       |         [01;31m[K^~~[m[K
[5.582s] [01m[K/home/yj/camera_tis/src/camera_tis.cpp:[m[K In member function â€˜[01m[Kint camera_tis::CameraTis::_power_on()[m[Kâ€™:
[5.582s] [01m[K/home/yj/camera_tis/src/camera_tis.cpp:414:42:[m[K [01;31m[Kerror: [m[Kâ€˜[01m[KGST_STATE_PLAYING[m[Kâ€™ was not declared in this scope
[5.582s]   414 |     if (gst_element_set_state(_pipeline, [01;31m[KGST_STATE_PLAYING[m[K) == GST_STATE_CHANGE_FAILURE) {
[5.583s]       |                                          [01;31m[K^~~~~~~~~~~~~~~~~[m[K
[5.597s] [01m[K/home/yj/camera_tis/src/camera_tis.cpp:414:9:[m[K [01;31m[Kerror: [m[Kâ€˜[01m[Kgst_element_set_state[m[Kâ€™ was not declared in this scope
[5.597s]   414 |     if ([01;31m[Kgst_element_set_state[m[K(_pipeline, GST_STATE_PLAYING) == GST_STATE_CHANGE_FAILURE) {
[5.597s]       |         [01;31m[K^~~~~~~~~~~~~~~~~~~~~[m[K
[5.613s] [01m[K/home/yj/camera_tis/src/camera_tis.cpp:414:64:[m[K [01;31m[Kerror: [m[Kâ€˜[01m[KGST_STATE_CHANGE_FAILURE[m[Kâ€™ was not declared in this scope
[5.613s]   414 |     if (gst_element_set_state(_pipeline, GST_STATE_PLAYING) == [01;31m[KGST_STATE_CHANGE_FAILURE[m[K) {
[5.613s]       |                                                                [01;31m[K^~~~~~~~~~~~~~~~~~~~~~~~[m[K
[5.625s] [01m[K/home/yj/camera_tis/src/camera_tis.cpp:[m[K In member function â€˜[01m[Kint camera_tis::CameraTis::_power_off()[m[Kâ€™:
[5.626s] [01m[K/home/yj/camera_tis/src/camera_tis.cpp:425:42:[m[K [01;31m[Kerror: [m[Kâ€˜[01m[KGST_STATE_PAUSED[m[Kâ€™ was not declared in this scope
[5.626s]   425 |     if (gst_element_set_state(_pipeline, [01;31m[KGST_STATE_PAUSED[m[K) == GST_STATE_CHANGE_FAILURE) {
[5.626s]       |                                          [01;31m[K^~~~~~~~~~~~~~~~[m[K
[5.639s] [01m[K/home/yj/camera_tis/src/camera_tis.cpp:425:9:[m[K [01;31m[Kerror: [m[Kâ€˜[01m[Kgst_element_set_state[m[Kâ€™ was not declared in this scope
[5.639s]   425 |     if ([01;31m[Kgst_element_set_state[m[K(_pipeline, GST_STATE_PAUSED) == GST_STATE_CHANGE_FAILURE) {
[5.639s]       |         [01;31m[K^~~~~~~~~~~~~~~~~~~~~[m[K
[5.655s] [01m[K/home/yj/camera_tis/src/camera_tis.cpp:425:63:[m[K [01;31m[Kerror: [m[Kâ€˜[01m[KGST_STATE_CHANGE_FAILURE[m[Kâ€™ was not declared in this scope
[5.656s]   425 |     if (gst_element_set_state(_pipeline, GST_STATE_PAUSED) == [01;31m[KGST_STATE_CHANGE_FAILURE[m[K) {
[5.656s]       |                                                               [01;31m[K^~~~~~~~~~~~~~~~~~~~~~~~[m[K
[5.665s] [01m[K/home/yj/camera_tis/src/camera_tis.cpp:[m[K In member function â€˜[01m[Kint camera_tis::CameraTis::_set_exposure(int)[m[Kâ€™:
[5.665s] [01m[K/home/yj/camera_tis/src/camera_tis.cpp:440:10:[m[K [01;31m[Kerror: [m[Kâ€˜[01m[Kset_property[m[Kâ€™ was not declared in this scope
[5.665s]   440 |   return [01;31m[Kset_property[m[K(_pipeline, "Exposure Time (us)", e) ? 0 : 1;
[5.665s]       |          [01;31m[K^~~~~~~~~~~~[m[K
[8.731s] make[2]: *** [CMakeFiles/camera_tis.dir/build.make:63: CMakeFiles/camera_tis.dir/src/camera_tis.cpp.o] Error 1
[8.731s] make[1]: *** [CMakeFiles/Makefile2:107: CMakeFiles/camera_tis.dir/all] Error 2
[8.733s] make: *** [Makefile:141: all] Error 2
[8.737s] Invoked command in '/home/yj/camera_tis/build/camera_tis' returned '2': CMAKE_PREFIX_PATH=/opt/ros/galactic /usr/bin/cmake --build /home/yj/camera_tis/build/camera_tis -- -j16 -l16
