[0.022s] Invoking command in '/home/yj/camera_tis/build/camera_tis': /usr/bin/cmake --build /home/yj/camera_tis/build/camera_tis -- -j16 -l16
[0.076s] [35m[1mScanning dependencies of target camera_tis[0m
[0.095s] [ 33%] Built target camera_tis_node
[0.119s] [ 50%] [32mBuilding CXX object CMakeFiles/camera_tis.dir/src/camera_tis.cpp.o[0m
[3.197s] [01m[K/home/yj/camera_tis/src/camera_tis.cpp:[m[K In member function â€˜[01m[Kvoid camera_tis::CameraTis::_modbus(int)[m[Kâ€™:
[3.197s] [01m[K/home/yj/camera_tis/src/camera_tis.cpp:232:29:[m[K [01;35m[Kwarning: [m[Kunused parameter â€˜[01m[Kport[m[Kâ€™ [[01;35m[K-Wunused-parameter[m[K]
[3.197s]   232 | void CameraTis::_modbus([01;35m[Kint port[m[K)
[3.197s]       |                         [01;35m[K~~~~^~~~[m[K
[3.206s] [01m[K/home/yj/camera_tis/src/camera_tis.cpp:[m[K In member function â€˜[01m[Kint camera_tis::CameraTis::_set_power(bool)[m[Kâ€™:
[3.206s] [01m[K/home/yj/camera_tis/src/camera_tis.cpp:371:32:[m[K [01;35m[Kwarning: [m[Kunused parameter â€˜[01m[Kp[m[Kâ€™ [[01;35m[K-Wunused-parameter[m[K]
[3.206s]   371 | int CameraTis::_set_power([01;35m[Kbool p[m[K)
[3.206s]       |                           [01;35m[K~~~~~^[m[K
[3.206s] [01m[K/home/yj/camera_tis/src/camera_tis.cpp:[m[K In member function â€˜[01m[Kint camera_tis::CameraTis::_set_exposure(int)[m[Kâ€™:
[3.207s] [01m[K/home/yj/camera_tis/src/camera_tis.cpp:377:34:[m[K [01;35m[Kwarning: [m[Kunused parameter â€˜[01m[Ke[m[Kâ€™ [[01;35m[K-Wunused-parameter[m[K]
[3.207s]   377 | int CameraTis::_set_exposure([01;35m[Kint e[m[K)
[3.207s]       |                              [01;35m[K~~~~^[m[K
[6.477s] [ 66%] [32m[1mLinking CXX shared library libcamera_tis.so[0m
[6.799s] /usr/bin/ld: cannot find -lv4l2
[6.799s] collect2: error: ld returned 1 exit status
[6.801s] make[2]: *** [CMakeFiles/camera_tis.dir/build.make:234: libcamera_tis.so] Error 1
[6.801s] make[1]: *** [CMakeFiles/Makefile2:107: CMakeFiles/camera_tis.dir/all] Error 2
[6.801s] make: *** [Makefile:141: all] Error 2
[6.808s] Invoked command in '/home/yj/camera_tis/build/camera_tis' returned '2': /usr/bin/cmake --build /home/yj/camera_tis/build/camera_tis -- -j16 -l16
