-- Found ament_cmake: 1.1.6 (/opt/ros/galactic/share/ament_cmake/cmake)
-- Using PYTHON_EXECUTABLE: /usr/bin/python3
-- Found rclcpp: 9.2.2 (/opt/ros/galactic/share/rclcpp/cmake)
-- Using all available rosidl_typesupport_c: rosidl_typesupport_fastrtps_c;rosidl_typesupport_introspection_c
-- Found rosidl_adapter: 2.2.3 (/opt/ros/galactic/share/rosidl_adapter/cmake)
-- Using all available rosidl_typesupport_cpp: rosidl_typesupport_fastrtps_cpp;rosidl_typesupport_introspection_cpp
-- Found rmw_implementation_cmake: 3.3.1 (/opt/ros/galactic/share/rmw_implementation_cmake/cmake)
-- Found rmw_cyclonedds_cpp: 0.22.6 (/opt/ros/galactic/share/rmw_cyclonedds_cpp/cmake)
-- Using RMW implementation 'rmw_cyclonedds_cpp' as default
-- Found rclcpp_components: 9.2.2 (/opt/ros/galactic/share/rclcpp_components/cmake)
-- Found sensor_msgs: 2.2.4 (/opt/ros/galactic/share/sensor_msgs/cmake)
-- Checking for modules 'gstreamer-1.0;gstreamer-video-1.0;libmodbus'
--   Found gstreamer-1.0, version 1.16.3
--   Found gstreamer-video-1.0, version 1.16.3
--   Found libmodbus, version 3.1.6
-- Found ament_lint_auto: 0.10.7 (/opt/ros/galactic/share/ament_lint_auto/cmake)
-- Added test 'copyright' to check source files copyright and LICENSE
-- Added test 'cppcheck' to perform static code analysis on C / C++ code
-- Configured cppcheck include dirs: $<BUILD_INTERFACE:/home/yj/camera_tis/include>
-- Configured cppcheck exclude dirs and/or files: 
-- Added test 'cpplint' to check C / C++ code against the Google style
-- Configured cpplint exclude dirs and/or files: 
-- Added test 'flake8' to check Python code syntax and style conventions
-- Added test 'lint_cmake' to check CMake code style
-- Added test 'pep257' to check Python code against some of the style conventions in PEP 257
-- Added test 'uncrustify' to check C / C++ code style
-- Configured uncrustify additional arguments: 
-- Added test 'xmllint' to check XML markup files
-- Configuring done
-- Generating done
-- Build files have been written to: /home/yj/camera_tis/build/camera_tis
[35m[1mScanning dependencies of target camera_tis[0m
[ 33%] Built target camera_tis_node
[ 50%] [32mBuilding CXX object CMakeFiles/camera_tis.dir/src/FileOut.cpp.o[0m
[ 66%] [32mBuilding CXX object CMakeFiles/camera_tis.dir/src/E2camData.cpp.o[0m
[ 83%] [32mBuilding CXX object CMakeFiles/camera_tis.dir/src/camera_tis.cpp.o[0m
In file included from [01m[K/home/yj/camera_tis/src/E2camData.cpp:1[m[K:
[01m[K/home/yj/camera_tis/src/E2camData.cpp:[m[K In member function â€˜[01m[Kvoid E2proomData::read_para()[m[Kâ€™:
[01m[K/home/yj/camera_tis/include/fileout/E2camData.h:13:37:[m[K [01;35m[Kwarning: [m[KISO C++ forbids converting a string constant to â€˜[01m[Kchar*[m[Kâ€™ [[01;35m[K-Wwrite-strings[m[K]
   13 | #define E2POOM_CAMER_SYSPATH_MOTO   [01;35m[K"./SAVE/E2P_CAMER_DLG.bsd"[m[K
      |                                     [01;35m[K^~~~~~~~~~~~~~~~~~~~~~~~~~[m[K
[01m[K/home/yj/camera_tis/src/E2camData.cpp:66:24:[m[K [01;36m[Knote: [m[Kin expansion of macro â€˜[01m[KE2POOM_CAMER_SYSPATH_MOTO[m[Kâ€™
   66 |     if(0 > fo.ReadFile([01;36m[KE2POOM_CAMER_SYSPATH_MOTO[m[K,buff,E2POOM_CAMER_SAVEBUFF))
      |                        [01;36m[K^~~~~~~~~~~~~~~~~~~~~~~~~[m[K
[01m[K/home/yj/camera_tis/src/E2camData.cpp:[m[K In member function â€˜[01m[Kvoid E2proomData::write_camer_para()[m[Kâ€™:
[01m[K/home/yj/camera_tis/include/fileout/E2camData.h:13:37:[m[K [01;35m[Kwarning: [m[KISO C++ forbids converting a string constant to â€˜[01m[Kchar*[m[Kâ€™ [[01;35m[K-Wwrite-strings[m[K]
   13 | #define E2POOM_CAMER_SYSPATH_MOTO   [01;35m[K"./SAVE/E2P_CAMER_DLG.bsd"[m[K
      |                                     [01;35m[K^~~~~~~~~~~~~~~~~~~~~~~~~~[m[K
[01m[K/home/yj/camera_tis/src/E2camData.cpp:125:18:[m[K [01;36m[Knote: [m[Kin expansion of macro â€˜[01m[KE2POOM_CAMER_SYSPATH_MOTO[m[Kâ€™
  125 |     fo.WriteFile([01;36m[KE2POOM_CAMER_SYSPATH_MOTO[m[K,buff,E2POOM_CAMER_SAVEBUFF);
      |                  [01;36m[K^~~~~~~~~~~~~~~~~~~~~~~~~[m[K
[01m[K/home/yj/camera_tis/src/camera_tis.cpp:56:1:[m[K [01;31m[Kerror: [m[Kâ€˜[01m[Kgboolean[m[Kâ€™ does not name a type
   56 | [01;31m[Kgboolean[m[K set_property(_GstElement * pipeline, const char * property, const char * value)
      | [01;31m[K^~~~~~~~[m[K
[01m[K/home/yj/camera_tis/src/camera_tis.cpp:76:1:[m[K [01;31m[Kerror: [m[Kâ€˜[01m[Kgboolean[m[Kâ€™ does not name a type
   76 | [01;31m[Kgboolean[m[K set_property(_GstElement * pipeline, const char * property, int value)
      | [01;31m[K^~~~~~~~[m[K
[01m[K/home/yj/camera_tis/src/camera_tis.cpp:[m[K In destructor â€˜[01m[Kvirtual camera_tis::CameraTis::~CameraTis()[m[Kâ€™:
[01m[K/home/yj/camera_tis/src/camera_tis.cpp:134:38:[m[K [01;31m[Kerror: [m[Kâ€˜[01m[KGST_STATE_NULL[m[Kâ€™ was not declared in this scope
  134 |     gst_element_set_state(_pipeline, [01;31m[KGST_STATE_NULL[m[K);
      |                                      [01;31m[K^~~~~~~~~~~~~~[m[K
[01m[K/home/yj/camera_tis/src/camera_tis.cpp:134:5:[m[K [01;31m[Kerror: [m[Kâ€˜[01m[Kgst_element_set_state[m[Kâ€™ was not declared in this scope
  134 |     [01;31m[Kgst_element_set_state[m[K(_pipeline, GST_STATE_NULL);
      |     [01;31m[K^~~~~~~~~~~~~~~~~~~~~[m[K
[01m[K/home/yj/camera_tis/src/camera_tis.cpp:136:5:[m[K [01;31m[Kerror: [m[Kâ€˜[01m[Kgst_object_unref[m[Kâ€™ was not declared in this scope
  136 |     [01;31m[Kgst_object_unref[m[K(_pipeline);
      |     [01;31m[K^~~~~~~~~~~~~~~~[m[K
[01m[K/home/yj/camera_tis/src/camera_tis.cpp:[m[K In member function â€˜[01m[Kvoid camera_tis::CameraTis::_initialize_camera()[m[Kâ€™:
[01m[K/home/yj/camera_tis/src/camera_tis.cpp:205:44:[m[K [01;31m[Kerror: [m[Kâ€˜[01m[Kwidth[m[Kâ€™ was not declared in this scope; did you mean â€˜[01m[Kwcwidth[m[Kâ€™?
  205 |                             std::to_string([01;31m[Kwidth[m[K) + "x" + std::to_string(height) +
      |                                            [01;31m[K^~~~~[m[K
      |                                            [32m[Kwcwidth[m[K
[01m[K/home/yj/camera_tis/src/camera_tis.cpp:205:74:[m[K [01;31m[Kerror: [m[Kâ€˜[01m[Kheight[m[Kâ€™ was not declared in this scope
  205 |                             std::to_string(width) + "x" + std::to_string([01;31m[Kheight[m[K) +
      |                                                                          [01;31m[K^~~~~~[m[K
[01m[K/home/yj/camera_tis/src/camera_tis.cpp:206:52:[m[K [01;31m[Kerror: [m[Kâ€˜[01m[Kfps[m[Kâ€™ was not declared in this scope; did you mean â€˜[01m[Kffs[m[Kâ€™?
  206 |                             "@1/" + std::to_string([01;31m[Kfps[m[K) + " field:none]'";
      |                                                    [01;31m[K^~~[m[K
      |                                                    [32m[Kffs[m[K
[01m[K/home/yj/camera_tis/src/camera_tis.cpp:[m[K In member function â€˜[01m[Kvoid camera_tis::CameraTis::_modbus(int)[m[Kâ€™:
[01m[K/home/yj/camera_tis/src/camera_tis.cpp:294:29:[m[K [01;35m[Kwarning: [m[Kunused parameter â€˜[01m[Kport[m[Kâ€™ [[01;35m[K-Wunused-parameter[m[K]
  294 | void CameraTis::_modbus([01;35m[Kint port[m[K)
      |                         [01;35m[K~~~~^~~~[m[K
[01m[K/home/yj/camera_tis/src/camera_tis.cpp:[m[K In member function â€˜[01m[Kvoid camera_tis::CameraTis::_spin()[m[Kâ€™:
[01m[K/home/yj/camera_tis/src/camera_tis.cpp:339:9:[m[K [01;31m[Kerror: [m[Kâ€˜[01m[Kcap[m[Kâ€™ was not declared in this scope
  339 |     if ([01;31m[Kcap[m[K.read(img)) {
      |         [01;31m[K^~~[m[K
[01m[K/home/yj/camera_tis/src/camera_tis.cpp:[m[K In member function â€˜[01m[Kint camera_tis::CameraTis::_power_on()[m[Kâ€™:
[01m[K/home/yj/camera_tis/src/camera_tis.cpp:414:42:[m[K [01;31m[Kerror: [m[Kâ€˜[01m[KGST_STATE_PLAYING[m[Kâ€™ was not declared in this scope
  414 |     if (gst_element_set_state(_pipeline, [01;31m[KGST_STATE_PLAYING[m[K) == GST_STATE_CHANGE_FAILURE) {
      |                                          [01;31m[K^~~~~~~~~~~~~~~~~[m[K
[01m[K/home/yj/camera_tis/src/camera_tis.cpp:414:9:[m[K [01;31m[Kerror: [m[Kâ€˜[01m[Kgst_element_set_state[m[Kâ€™ was not declared in this scope
  414 |     if ([01;31m[Kgst_element_set_state[m[K(_pipeline, GST_STATE_PLAYING) == GST_STATE_CHANGE_FAILURE) {
      |         [01;31m[K^~~~~~~~~~~~~~~~~~~~~[m[K
[01m[K/home/yj/camera_tis/src/camera_tis.cpp:414:64:[m[K [01;31m[Kerror: [m[Kâ€˜[01m[KGST_STATE_CHANGE_FAILURE[m[Kâ€™ was not declared in this scope
  414 |     if (gst_element_set_state(_pipeline, GST_STATE_PLAYING) == [01;31m[KGST_STATE_CHANGE_FAILURE[m[K) {
      |                                                                [01;31m[K^~~~~~~~~~~~~~~~~~~~~~~~[m[K
[01m[K/home/yj/camera_tis/src/camera_tis.cpp:[m[K In member function â€˜[01m[Kint camera_tis::CameraTis::_power_off()[m[Kâ€™:
[01m[K/home/yj/camera_tis/src/camera_tis.cpp:425:42:[m[K [01;31m[Kerror: [m[Kâ€˜[01m[KGST_STATE_PAUSED[m[Kâ€™ was not declared in this scope
  425 |     if (gst_element_set_state(_pipeline, [01;31m[KGST_STATE_PAUSED[m[K) == GST_STATE_CHANGE_FAILURE) {
      |                                          [01;31m[K^~~~~~~~~~~~~~~~[m[K
[01m[K/home/yj/camera_tis/src/camera_tis.cpp:425:9:[m[K [01;31m[Kerror: [m[Kâ€˜[01m[Kgst_element_set_state[m[Kâ€™ was not declared in this scope
  425 |     if ([01;31m[Kgst_element_set_state[m[K(_pipeline, GST_STATE_PAUSED) == GST_STATE_CHANGE_FAILURE) {
      |         [01;31m[K^~~~~~~~~~~~~~~~~~~~~[m[K
[01m[K/home/yj/camera_tis/src/camera_tis.cpp:425:63:[m[K [01;31m[Kerror: [m[Kâ€˜[01m[KGST_STATE_CHANGE_FAILURE[m[Kâ€™ was not declared in this scope
  425 |     if (gst_element_set_state(_pipeline, GST_STATE_PAUSED) == [01;31m[KGST_STATE_CHANGE_FAILURE[m[K) {
      |                                                               [01;31m[K^~~~~~~~~~~~~~~~~~~~~~~~[m[K
[01m[K/home/yj/camera_tis/src/camera_tis.cpp:[m[K In member function â€˜[01m[Kint camera_tis::CameraTis::_set_exposure(int)[m[Kâ€™:
[01m[K/home/yj/camera_tis/src/camera_tis.cpp:440:10:[m[K [01;31m[Kerror: [m[Kâ€˜[01m[Kset_property[m[Kâ€™ was not declared in this scope
  440 |   return [01;31m[Kset_property[m[K(_pipeline, "Exposure Time (us)", e) ? 0 : 1;
      |          [01;31m[K^~~~~~~~~~~~[m[K
make[2]: *** [CMakeFiles/camera_tis.dir/build.make:63: CMakeFiles/camera_tis.dir/src/camera_tis.cpp.o] Error 1
make[1]: *** [CMakeFiles/Makefile2:107: CMakeFiles/camera_tis.dir/all] Error 2
make: *** [Makefile:141: all] Error 2
